<?xml version="1.0" encoding="UTF-8"?>
<!-- Generated by org.testng.reporters.JUnitReportReporter -->
<testsuite skipped="1" hostname="ICPL12705" name="com.amazon.testcases.LoginTest" tests="2" failures="0" timestamp="13 Jun 2019 11:06:12 GMT" time="29.699" errors="0">
  <testcase name="testUserIsSignedUp" time="29.699" classname="com.amazon.testcases.LoginTest"/>
  <testcase name="testUserIsAbleToAddProduct" classname="com.amazon.testcases.LoginTest">
    <skipped/>
  </testcase> <!-- testUserIsAbleToAddProduct -->
</testsuite> <!-- com.amazon.testcases.LoginTest -->
